2025/06/13 17:24:33 [notice] 1#1: using the "epoll" event method
2025/06/13 17:24:33 [notice] 1#1: nginx/1.27.5
2025/06/13 17:24:33 [notice] 1#1: built by gcc 14.2.0 (Alpine 14.2.0) 
2025/06/13 17:24:33 [notice] 1#1: OS: Linux 6.6.87.2-microsoft-standard-WSL2
2025/06/13 17:24:33 [notice] 1#1: getrlimit(RLIMIT_NOFILE): 65536:1048576
2025/06/13 17:24:33 [notice] 1#1: start worker processes
2025/06/13 17:24:33 [notice] 1#1: start worker process 20
2025/06/13 17:24:33 [notice] 1#1: start worker process 21
2025/06/13 17:24:33 [notice] 1#1: start worker process 22
2025/06/13 17:24:33 [notice] 1#1: start worker process 23
2025/06/13 17:24:33 [notice] 1#1: start worker process 24
2025/06/13 17:24:33 [notice] 1#1: start worker process 25
2025/06/13 17:24:33 [notice] 1#1: start worker process 26
2025/06/13 17:24:33 [notice] 1#1: start worker process 27
2025/06/13 17:24:33 [notice] 1#1: start worker process 28
2025/06/13 17:24:33 [notice] 1#1: start worker process 29
2025/06/13 17:24:33 [notice] 1#1: start worker process 30
2025/06/13 17:24:33 [notice] 1#1: start worker process 31
2025/06/13 17:26:24 [notice] 1#1: signal 3 (SIGQUIT) received, shutting down
2025/06/13 17:26:24 [notice] 24#24: gracefully shutting down
2025/06/13 17:26:24 [notice] 26#26: gracefully shutting down
2025/06/13 17:26:24 [notice] 21#21: gracefully shutting down
2025/06/13 17:26:24 [notice] 22#22: gracefully shutting down
2025/06/13 17:26:24 [notice] 24#24: exiting
2025/06/13 17:26:24 [notice] 26#26: exiting
2025/06/13 17:26:24 [notice] 22#22: exiting
2025/06/13 17:26:24 [notice] 21#21: exiting
2025/06/13 17:26:24 [notice] 23#23: gracefully shutting down
2025/06/13 17:26:24 [notice] 21#21: exit
2025/06/13 17:26:24 [notice] 26#26: exit
2025/06/13 17:26:24 [notice] 24#24: exit
2025/06/13 17:26:24 [notice] 23#23: exiting
2025/06/13 17:26:24 [notice] 22#22: exit
2025/06/13 17:26:24 [notice] 25#25: gracefully shutting down
2025/06/13 17:26:24 [notice] 25#25: exiting
2025/06/13 17:26:24 [notice] 25#25: exit
2025/06/13 17:26:24 [notice] 20#20: gracefully shutting down
2025/06/13 17:26:24 [notice] 31#31: gracefully shutting down
2025/06/13 17:26:24 [notice] 30#30: gracefully shutting down
2025/06/13 17:26:24 [notice] 30#30: exiting
2025/06/13 17:26:24 [notice] 31#31: exiting
2025/06/13 17:26:24 [notice] 30#30: exit
2025/06/13 17:26:24 [notice] 27#27: gracefully shutting down
2025/06/13 17:26:24 [notice] 27#27: exiting
2025/06/13 17:26:24 [notice] 31#31: exit
2025/06/13 17:26:24 [notice] 20#20: exiting
2025/06/13 17:26:24 [notice] 23#23: exit
2025/06/13 17:26:24 [notice] 28#28: gracefully shutting down
2025/06/13 17:26:24 [notice] 29#29: gracefully shutting down
2025/06/13 17:26:24 [notice] 28#28: exiting
2025/06/13 17:26:24 [notice] 27#27: exit
2025/06/13 17:26:24 [notice] 20#20: exit
2025/06/13 17:26:24 [notice] 29#29: exiting
2025/06/13 17:26:24 [notice] 28#28: exit
2025/06/13 17:26:24 [notice] 29#29: exit
2025/06/13 17:26:24 [notice] 1#1: signal 17 (SIGCHLD) received from 31
2025/06/13 17:26:24 [notice] 1#1: worker process 21 exited with code 0
2025/06/13 17:26:24 [notice] 1#1: worker process 23 exited with code 0
2025/06/13 17:26:24 [notice] 1#1: worker process 24 exited with code 0
2025/06/13 17:26:24 [notice] 1#1: worker process 28 exited with code 0
2025/06/13 17:26:24 [notice] 1#1: worker process 31 exited with code 0
2025/06/13 17:26:24 [notice] 1#1: signal 29 (SIGIO) received
2025/06/13 17:26:24 [notice] 1#1: signal 17 (SIGCHLD) received from 28
2025/06/13 17:26:24 [notice] 1#1: signal 17 (SIGCHLD) received from 22
2025/06/13 17:26:24 [notice] 1#1: worker process 22 exited with code 0
2025/06/13 17:26:24 [notice] 1#1: worker process 27 exited with code 0
2025/06/13 17:26:24 [notice] 1#1: signal 29 (SIGIO) received
2025/06/13 17:26:24 [notice] 1#1: signal 17 (SIGCHLD) received from 25
2025/06/13 17:26:24 [notice] 1#1: worker process 20 exited with code 0
2025/06/13 17:26:24 [notice] 1#1: worker process 25 exited with code 0
2025/06/13 17:26:24 [notice] 1#1: worker process 30 exited with code 0
2025/06/13 17:26:24 [notice] 1#1: signal 29 (SIGIO) received
2025/06/13 17:26:24 [notice] 1#1: signal 17 (SIGCHLD) received from 20
2025/06/13 17:26:24 [notice] 1#1: signal 17 (SIGCHLD) received from 29
2025/06/13 17:26:24 [notice] 1#1: worker process 26 exited with code 0
2025/06/13 17:26:24 [notice] 1#1: worker process 29 exited with code 0
2025/06/13 17:26:24 [notice] 1#1: exit
2025/06/13 17:26:42 [notice] 1#1: using the "epoll" event method
2025/06/13 17:26:42 [notice] 1#1: nginx/1.27.5
2025/06/13 17:26:42 [notice] 1#1: built by gcc 14.2.0 (Alpine 14.2.0) 
2025/06/13 17:26:42 [notice] 1#1: OS: Linux 6.6.87.2-microsoft-standard-WSL2
2025/06/13 17:26:42 [notice] 1#1: getrlimit(RLIMIT_NOFILE): 65536:1048576
2025/06/13 17:26:42 [notice] 1#1: start worker processes
2025/06/13 17:26:42 [notice] 1#1: start worker process 20
2025/06/13 17:26:42 [notice] 1#1: start worker process 21
2025/06/13 17:26:42 [notice] 1#1: start worker process 22
2025/06/13 17:26:42 [notice] 1#1: start worker process 23
2025/06/13 17:26:42 [notice] 1#1: start worker process 24
2025/06/13 17:26:42 [notice] 1#1: start worker process 25
2025/06/13 17:26:42 [notice] 1#1: start worker process 26
2025/06/13 17:26:42 [notice] 1#1: start worker process 27
2025/06/13 17:26:42 [notice] 1#1: start worker process 28
2025/06/13 17:26:42 [notice] 1#1: start worker process 29
2025/06/13 17:26:42 [notice] 1#1: start worker process 30
2025/06/13 17:26:42 [notice] 1#1: start worker process 31
2025/06/13 17:29:32 [notice] 1#1: signal 3 (SIGQUIT) received, shutting down
2025/06/13 17:29:32 [notice] 20#20: gracefully shutting down
2025/06/13 17:29:32 [notice] 21#21: gracefully shutting down
2025/06/13 17:29:32 [notice] 22#22: gracefully shutting down
2025/06/13 17:29:32 [notice] 26#26: gracefully shutting down
2025/06/13 17:29:32 [notice] 23#23: gracefully shutting down
2025/06/13 17:29:32 [notice] 27#27: gracefully shutting down
2025/06/13 17:29:32 [notice] 29#29: gracefully shutting down
2025/06/13 17:29:32 [notice] 22#22: exiting
2025/06/13 17:29:32 [notice] 26#26: exiting
2025/06/13 17:29:32 [notice] 30#30: gracefully shutting down
2025/06/13 17:29:32 [notice] 31#31: gracefully shutting down
2025/06/13 17:29:32 [notice] 28#28: gracefully shutting down
2025/06/13 17:29:32 [notice] 23#23: exiting
2025/06/13 17:29:32 [notice] 29#29: exiting
2025/06/13 17:29:32 [notice] 21#21: exiting
2025/06/13 17:29:32 [notice] 31#31: exiting
2025/06/13 17:29:32 [notice] 26#26: exit
2025/06/13 17:29:32 [notice] 22#22: exit
2025/06/13 17:29:32 [notice] 24#24: gracefully shutting down
2025/06/13 17:29:32 [notice] 31#31: exit
2025/06/13 17:29:32 [notice] 30#30: exiting
2025/06/13 17:29:32 [notice] 21#21: exit
2025/06/13 17:29:32 [notice] 24#24: exiting
2025/06/13 17:29:32 [notice] 28#28: exiting
2025/06/13 17:29:32 [notice] 25#25: gracefully shutting down
2025/06/13 17:29:32 [notice] 24#24: exit
2025/06/13 17:29:32 [notice] 20#20: exiting
2025/06/13 17:29:32 [notice] 20#20: exit
2025/06/13 17:29:32 [notice] 23#23: exit
2025/06/13 17:29:32 [notice] 28#28: exit
2025/06/13 17:29:32 [notice] 25#25: exiting
2025/06/13 17:29:32 [notice] 25#25: exit
2025/06/13 17:29:32 [notice] 29#29: exit
2025/06/13 17:29:32 [notice] 27#27: exiting
2025/06/13 17:29:32 [notice] 30#30: exit
2025/06/13 17:29:32 [notice] 27#27: exit
2025/06/13 17:29:32 [notice] 1#1: signal 17 (SIGCHLD) received from 27
2025/06/13 17:29:32 [notice] 1#1: worker process 21 exited with code 0
2025/06/13 17:29:32 [notice] 1#1: worker process 22 exited with code 0
2025/06/13 17:29:32 [notice] 1#1: worker process 23 exited with code 0
2025/06/13 17:29:32 [notice] 1#1: worker process 25 exited with code 0
2025/06/13 17:29:32 [notice] 1#1: worker process 27 exited with code 0
2025/06/13 17:29:32 [notice] 1#1: worker process 31 exited with code 0
2025/06/13 17:29:32 [notice] 1#1: signal 29 (SIGIO) received
2025/06/13 17:29:32 [notice] 1#1: signal 17 (SIGCHLD) received from 25
2025/06/13 17:29:32 [notice] 1#1: signal 17 (SIGCHLD) received from 20
2025/06/13 17:29:32 [notice] 1#1: worker process 20 exited with code 0
2025/06/13 17:29:32 [notice] 1#1: worker process 24 exited with code 0
2025/06/13 17:29:32 [notice] 1#1: worker process 28 exited with code 0
2025/06/13 17:29:32 [notice] 1#1: worker process 29 exited with code 0
2025/06/13 17:29:32 [notice] 1#1: signal 29 (SIGIO) received
2025/06/13 17:29:32 [notice] 1#1: signal 17 (SIGCHLD) received from 26
2025/06/13 17:29:32 [notice] 1#1: worker process 26 exited with code 0
2025/06/13 17:29:32 [notice] 1#1: signal 29 (SIGIO) received
2025/06/13 17:29:32 [notice] 1#1: signal 17 (SIGCHLD) received from 30
2025/06/13 17:29:32 [notice] 1#1: worker process 30 exited with code 0
2025/06/13 17:29:32 [notice] 1#1: exit
2025/06/13 17:29:45 [notice] 1#1: using the "epoll" event method
2025/06/13 17:29:45 [notice] 1#1: nginx/1.27.5
2025/06/13 17:29:45 [notice] 1#1: built by gcc 14.2.0 (Alpine 14.2.0) 
2025/06/13 17:29:45 [notice] 1#1: OS: Linux 6.6.87.2-microsoft-standard-WSL2
2025/06/13 17:29:45 [notice] 1#1: getrlimit(RLIMIT_NOFILE): 65536:1048576
2025/06/13 17:29:45 [notice] 1#1: start worker processes
2025/06/13 17:29:45 [notice] 1#1: start worker process 20
2025/06/13 17:29:45 [notice] 1#1: start worker process 21
2025/06/13 17:29:45 [notice] 1#1: start worker process 22
2025/06/13 17:29:45 [notice] 1#1: start worker process 23
2025/06/13 17:29:45 [notice] 1#1: start worker process 24
2025/06/13 17:29:45 [notice] 1#1: start worker process 25
2025/06/13 17:29:45 [notice] 1#1: start worker process 26
2025/06/13 17:29:45 [notice] 1#1: start worker process 27
2025/06/13 17:29:45 [notice] 1#1: start worker process 28
2025/06/13 17:29:45 [notice] 1#1: start worker process 29
2025/06/13 17:29:45 [notice] 1#1: start worker process 30
2025/06/13 17:29:45 [notice] 1#1: start worker process 31
2025/06/13 17:30:30 [notice] 1#1: signal 3 (SIGQUIT) received, shutting down
2025/06/13 17:30:30 [notice] 21#21: gracefully shutting down
2025/06/13 17:30:30 [notice] 21#21: exiting
2025/06/13 17:30:30 [notice] 23#23: gracefully shutting down
2025/06/13 17:30:30 [notice] 29#29: gracefully shutting down
2025/06/13 17:30:30 [notice] 29#29: exiting
2025/06/13 17:30:30 [notice] 25#25: gracefully shutting down
2025/06/13 17:30:30 [notice] 22#22: gracefully shutting down
2025/06/13 17:30:30 [notice] 21#21: exit
2025/06/13 17:30:30 [notice] 26#26: gracefully shutting down
2025/06/13 17:30:30 [notice] 29#29: exit
2025/06/13 17:30:30 [notice] 26#26: exiting
2025/06/13 17:30:30 [notice] 22#22: exiting
2025/06/13 17:30:30 [notice] 26#26: exit
2025/06/13 17:30:30 [notice] 28#28: gracefully shutting down
2025/06/13 17:30:30 [notice] 20#20: gracefully shutting down
2025/06/13 17:30:30 [notice] 22#22: exit
2025/06/13 17:30:30 [notice] 28#28: exiting
2025/06/13 17:30:30 [notice] 20#20: exiting
2025/06/13 17:30:30 [notice] 28#28: exit
2025/06/13 17:30:30 [notice] 31#31: gracefully shutting down
2025/06/13 17:30:30 [notice] 31#31: exiting
2025/06/13 17:30:30 [notice] 24#24: gracefully shutting down
2025/06/13 17:30:30 [notice] 23#23: exiting
2025/06/13 17:30:30 [notice] 24#24: exiting
2025/06/13 17:30:30 [notice] 20#20: exit
2025/06/13 17:30:30 [notice] 31#31: exit
2025/06/13 17:30:30 [notice] 23#23: exit
2025/06/13 17:30:30 [notice] 24#24: exit
2025/06/13 17:30:30 [notice] 25#25: exiting
2025/06/13 17:30:30 [notice] 25#25: exit
2025/06/13 17:30:30 [notice] 30#30: gracefully shutting down
2025/06/13 17:30:30 [notice] 30#30: exiting
2025/06/13 17:30:30 [notice] 27#27: gracefully shutting down
2025/06/13 17:30:30 [notice] 30#30: exit
2025/06/13 17:30:30 [notice] 27#27: exiting
2025/06/13 17:30:30 [notice] 27#27: exit
2025/06/13 17:30:30 [notice] 1#1: signal 17 (SIGCHLD) received from 25
2025/06/13 17:30:30 [notice] 1#1: worker process 25 exited with code 0
2025/06/13 17:30:30 [notice] 1#1: signal 29 (SIGIO) received
2025/06/13 17:30:30 [notice] 1#1: signal 17 (SIGCHLD) received from 29
2025/06/13 17:30:30 [notice] 1#1: worker process 29 exited with code 0
2025/06/13 17:30:30 [notice] 1#1: signal 29 (SIGIO) received
2025/06/13 17:30:30 [notice] 1#1: signal 17 (SIGCHLD) received from 27
2025/06/13 17:30:30 [notice] 1#1: worker process 20 exited with code 0
2025/06/13 17:30:30 [notice] 1#1: worker process 21 exited with code 0
2025/06/13 17:30:30 [notice] 1#1: worker process 22 exited with code 0
2025/06/13 17:30:30 [notice] 1#1: worker process 26 exited with code 0
2025/06/13 17:30:30 [notice] 1#1: worker process 27 exited with code 0
2025/06/13 17:30:30 [notice] 1#1: worker process 31 exited with code 0
2025/06/13 17:30:30 [notice] 1#1: worker process 23 exited with code 0
2025/06/13 17:30:30 [notice] 1#1: signal 29 (SIGIO) received
2025/06/13 17:30:30 [notice] 1#1: signal 17 (SIGCHLD) received from 22
2025/06/13 17:30:30 [notice] 1#1: signal 17 (SIGCHLD) received from 30
2025/06/13 17:30:30 [notice] 1#1: worker process 28 exited with code 0
2025/06/13 17:30:30 [notice] 1#1: worker process 30 exited with code 0
2025/06/13 17:30:30 [notice] 1#1: signal 29 (SIGIO) received
2025/06/13 17:30:30 [notice] 1#1: signal 17 (SIGCHLD) received from 28
2025/06/13 17:30:30 [notice] 1#1: signal 17 (SIGCHLD) received from 24
2025/06/13 17:30:30 [notice] 1#1: worker process 24 exited with code 0
2025/06/13 17:30:30 [notice] 1#1: exit
2025/06/13 17:30:43 [notice] 1#1: using the "epoll" event method
2025/06/13 17:30:43 [notice] 1#1: nginx/1.27.5
2025/06/13 17:30:43 [notice] 1#1: built by gcc 14.2.0 (Alpine 14.2.0) 
2025/06/13 17:30:43 [notice] 1#1: OS: Linux 6.6.87.2-microsoft-standard-WSL2
2025/06/13 17:30:43 [notice] 1#1: getrlimit(RLIMIT_NOFILE): 65536:1048576
2025/06/13 17:30:43 [notice] 1#1: start worker processes
2025/06/13 17:30:43 [notice] 1#1: start worker process 20
2025/06/13 17:30:43 [notice] 1#1: start worker process 21
2025/06/13 17:30:43 [notice] 1#1: start worker process 22
2025/06/13 17:30:43 [notice] 1#1: start worker process 23
2025/06/13 17:30:43 [notice] 1#1: start worker process 24
2025/06/13 17:30:43 [notice] 1#1: start worker process 25
2025/06/13 17:30:43 [notice] 1#1: start worker process 26
2025/06/13 17:30:43 [notice] 1#1: start worker process 27
2025/06/13 17:30:43 [notice] 1#1: start worker process 28
2025/06/13 17:30:43 [notice] 1#1: start worker process 29
2025/06/13 17:30:43 [notice] 1#1: start worker process 30
2025/06/13 17:30:43 [notice] 1#1: start worker process 31
2025/06/13 17:31:15 [notice] 1#1: signal 3 (SIGQUIT) received, shutting down
2025/06/13 17:31:15 [notice] 23#23: gracefully shutting down
2025/06/13 17:31:15 [notice] 24#24: gracefully shutting down
2025/06/13 17:31:15 [notice] 21#21: gracefully shutting down
2025/06/13 17:31:15 [notice] 21#21: exiting
2025/06/13 17:31:15 [notice] 22#22: gracefully shutting down
2025/06/13 17:31:15 [notice] 26#26: gracefully shutting down
2025/06/13 17:31:15 [notice] 28#28: gracefully shutting down
2025/06/13 17:31:15 [notice] 29#29: gracefully shutting down
2025/06/13 17:31:15 [notice] 28#28: exiting
2025/06/13 17:31:15 [notice] 25#25: gracefully shutting down
2025/06/13 17:31:15 [notice] 26#26: exiting
2025/06/13 17:31:15 [notice] 25#25: exiting
2025/06/13 17:31:15 [notice] 20#20: gracefully shutting down
2025/06/13 17:31:15 [notice] 20#20: exiting
2025/06/13 17:31:15 [notice] 26#26: exit
2025/06/13 17:31:15 [notice] 28#28: exit
2025/06/13 17:31:15 [notice] 25#25: exit
2025/06/13 17:31:15 [notice] 23#23: exiting
2025/06/13 17:31:15 [notice] 21#21: exit
2025/06/13 17:31:15 [notice] 20#20: exit
2025/06/13 17:31:15 [notice] 23#23: exit
2025/06/13 17:31:15 [notice] 24#24: exiting
2025/06/13 17:31:15 [notice] 22#22: exiting
2025/06/13 17:31:15 [notice] 24#24: exit
2025/06/13 17:31:15 [notice] 27#27: gracefully shutting down
2025/06/13 17:31:15 [notice] 27#27: exiting
2025/06/13 17:31:15 [notice] 27#27: exit
2025/06/13 17:31:15 [notice] 22#22: exit
2025/06/13 17:31:15 [notice] 30#30: gracefully shutting down
2025/06/13 17:31:15 [notice] 31#31: gracefully shutting down
2025/06/13 17:31:15 [notice] 30#30: exiting
2025/06/13 17:31:15 [notice] 31#31: exiting
2025/06/13 17:31:15 [notice] 30#30: exit
2025/06/13 17:31:15 [notice] 29#29: exiting
2025/06/13 17:31:15 [notice] 31#31: exit
2025/06/13 17:31:15 [notice] 29#29: exit
2025/06/13 17:31:15 [notice] 1#1: signal 17 (SIGCHLD) received from 29
2025/06/13 17:31:15 [notice] 1#1: worker process 20 exited with code 0
2025/06/13 17:31:15 [notice] 1#1: worker process 23 exited with code 0
2025/06/13 17:31:15 [notice] 1#1: worker process 29 exited with code 0
2025/06/13 17:31:15 [notice] 1#1: signal 29 (SIGIO) received
2025/06/13 17:31:15 [notice] 1#1: signal 17 (SIGCHLD) received from 20
2025/06/13 17:31:15 [notice] 1#1: signal 17 (SIGCHLD) received from 24
2025/06/13 17:31:15 [notice] 1#1: worker process 21 exited with code 0
2025/06/13 17:31:15 [notice] 1#1: worker process 24 exited with code 0
2025/06/13 17:31:15 [notice] 1#1: worker process 28 exited with code 0
2025/06/13 17:31:15 [notice] 1#1: worker process 31 exited with code 0
2025/06/13 17:31:15 [notice] 1#1: signal 29 (SIGIO) received
2025/06/13 17:31:15 [notice] 1#1: signal 17 (SIGCHLD) received from 28
2025/06/13 17:31:15 [notice] 1#1: worker process 22 exited with code 0
2025/06/13 17:31:15 [notice] 1#1: signal 29 (SIGIO) received
2025/06/13 17:31:15 [notice] 1#1: signal 17 (SIGCHLD) received from 25
2025/06/13 17:31:15 [notice] 1#1: worker process 25 exited with code 0
2025/06/13 17:31:15 [notice] 1#1: signal 29 (SIGIO) received
2025/06/13 17:31:15 [notice] 1#1: signal 17 (SIGCHLD) received from 30
2025/06/13 17:31:15 [notice] 1#1: worker process 30 exited with code 0
2025/06/13 17:31:15 [notice] 1#1: signal 29 (SIGIO) received
2025/06/13 17:31:15 [notice] 1#1: signal 17 (SIGCHLD) received from 26
2025/06/13 17:31:15 [notice] 1#1: worker process 26 exited with code 0
2025/06/13 17:31:15 [notice] 1#1: signal 29 (SIGIO) received
2025/06/13 17:31:15 [notice] 1#1: signal 17 (SIGCHLD) received from 27
2025/06/13 17:31:15 [notice] 1#1: worker process 27 exited with code 0
2025/06/13 17:31:15 [notice] 1#1: exit
2025/06/13 17:31:28 [notice] 1#1: using the "epoll" event method
2025/06/13 17:31:28 [notice] 1#1: nginx/1.27.5
2025/06/13 17:31:28 [notice] 1#1: built by gcc 14.2.0 (Alpine 14.2.0) 
2025/06/13 17:31:28 [notice] 1#1: OS: Linux 6.6.87.2-microsoft-standard-WSL2
2025/06/13 17:31:28 [notice] 1#1: getrlimit(RLIMIT_NOFILE): 65536:1048576
2025/06/13 17:31:28 [notice] 1#1: start worker processes
2025/06/13 17:31:28 [notice] 1#1: start worker process 20
2025/06/13 17:31:28 [notice] 1#1: start worker process 21
2025/06/13 17:31:28 [notice] 1#1: start worker process 22
2025/06/13 17:31:28 [notice] 1#1: start worker process 23
2025/06/13 17:31:28 [notice] 1#1: start worker process 24
2025/06/13 17:31:28 [notice] 1#1: start worker process 25
2025/06/13 17:31:28 [notice] 1#1: start worker process 26
2025/06/13 17:31:28 [notice] 1#1: start worker process 27
2025/06/13 17:31:28 [notice] 1#1: start worker process 28
2025/06/13 17:31:28 [notice] 1#1: start worker process 29
2025/06/13 17:31:28 [notice] 1#1: start worker process 30
2025/06/13 17:31:28 [notice] 1#1: start worker process 31
2025/06/13 17:33:53 [notice] 1#1: signal 3 (SIGQUIT) received, shutting down
2025/06/13 17:33:53 [notice] 24#24: gracefully shutting down
2025/06/13 17:33:53 [notice] 27#27: gracefully shutting down
2025/06/13 17:33:53 [notice] 26#26: gracefully shutting down
2025/06/13 17:33:53 [notice] 29#29: gracefully shutting down
2025/06/13 17:33:53 [notice] 24#24: exiting
2025/06/13 17:33:53 [notice] 25#25: gracefully shutting down
2025/06/13 17:33:53 [notice] 22#22: gracefully shutting down
2025/06/13 17:33:53 [notice] 26#26: exiting
2025/06/13 17:33:53 [notice] 20#20: gracefully shutting down
2025/06/13 17:33:53 [notice] 25#25: exiting
2025/06/13 17:33:53 [notice] 22#22: exiting
2025/06/13 17:33:53 [notice] 20#20: exiting
2025/06/13 17:33:53 [notice] 29#29: exiting
2025/06/13 17:33:53 [notice] 26#26: exit
2025/06/13 17:33:53 [notice] 24#24: exit
2025/06/13 17:33:53 [notice] 22#22: exit
2025/06/13 17:33:53 [notice] 20#20: exit
2025/06/13 17:33:53 [notice] 29#29: exit
2025/06/13 17:33:53 [notice] 25#25: exit
2025/06/13 17:33:53 [notice] 27#27: exiting
2025/06/13 17:33:53 [notice] 27#27: exit
2025/06/13 17:33:53 [notice] 23#23: gracefully shutting down
2025/06/13 17:33:53 [notice] 23#23: exiting
2025/06/13 17:33:53 [notice] 23#23: exit
2025/06/13 17:33:53 [notice] 21#21: gracefully shutting down
2025/06/13 17:33:53 [notice] 21#21: exiting
2025/06/13 17:33:53 [notice] 21#21: exit
2025/06/13 17:33:53 [notice] 28#28: gracefully shutting down
2025/06/13 17:33:53 [notice] 28#28: exiting
2025/06/13 17:33:53 [notice] 28#28: exit
2025/06/13 17:33:53 [notice] 30#30: gracefully shutting down
2025/06/13 17:33:53 [notice] 31#31: gracefully shutting down
2025/06/13 17:33:53 [notice] 31#31: exiting
2025/06/13 17:33:53 [notice] 31#31: exit
2025/06/13 17:33:53 [notice] 30#30: exiting
2025/06/13 17:33:53 [notice] 30#30: exit
2025/06/13 17:33:53 [notice] 1#1: signal 17 (SIGCHLD) received from 24
2025/06/13 17:33:53 [notice] 1#1: worker process 22 exited with code 0
2025/06/13 17:33:53 [notice] 1#1: worker process 24 exited with code 0
2025/06/13 17:33:53 [notice] 1#1: worker process 26 exited with code 0
2025/06/13 17:33:53 [notice] 1#1: worker process 27 exited with code 0
2025/06/13 17:33:53 [notice] 1#1: signal 29 (SIGIO) received
2025/06/13 17:33:53 [notice] 1#1: signal 17 (SIGCHLD) received from 26
2025/06/13 17:33:53 [notice] 1#1: worker process 21 exited with code 0
2025/06/13 17:33:53 [notice] 1#1: worker process 29 exited with code 0
2025/06/13 17:33:53 [notice] 1#1: worker process 30 exited with code 0
2025/06/13 17:33:53 [notice] 1#1: signal 29 (SIGIO) received
2025/06/13 17:33:53 [notice] 1#1: signal 17 (SIGCHLD) received from 28
2025/06/13 17:33:53 [notice] 1#1: worker process 23 exited with code 0
2025/06/13 17:33:53 [notice] 1#1: worker process 25 exited with code 0
2025/06/13 17:33:53 [notice] 1#1: worker process 28 exited with code 0
2025/06/13 17:33:53 [notice] 1#1: worker process 31 exited with code 0
2025/06/13 17:33:53 [notice] 1#1: signal 29 (SIGIO) received
2025/06/13 17:33:53 [notice] 1#1: signal 17 (SIGCHLD) received from 25
2025/06/13 17:33:53 [notice] 1#1: signal 17 (SIGCHLD) received from 20
2025/06/13 17:33:53 [notice] 1#1: worker process 20 exited with code 0
2025/06/13 17:33:53 [notice] 1#1: exit
2025/06/13 17:35:39 [notice] 1#1: using the "epoll" event method
2025/06/13 17:35:39 [notice] 1#1: nginx/1.27.5
2025/06/13 17:35:39 [notice] 1#1: built by gcc 14.2.0 (Alpine 14.2.0) 
2025/06/13 17:35:39 [notice] 1#1: OS: Linux 6.6.87.2-microsoft-standard-WSL2
2025/06/13 17:35:39 [notice] 1#1: getrlimit(RLIMIT_NOFILE): 65536:1048576
2025/06/13 17:35:39 [notice] 1#1: start worker processes
2025/06/13 17:35:39 [notice] 1#1: start worker process 20
2025/06/13 17:35:39 [notice] 1#1: start worker process 21
2025/06/13 17:35:39 [notice] 1#1: start worker process 22
2025/06/13 17:35:39 [notice] 1#1: start worker process 23
2025/06/13 17:35:39 [notice] 1#1: start worker process 24
2025/06/13 17:35:39 [notice] 1#1: start worker process 25
2025/06/13 17:35:39 [notice] 1#1: start worker process 26
2025/06/13 17:35:39 [notice] 1#1: start worker process 27
2025/06/13 17:35:39 [notice] 1#1: start worker process 28
2025/06/13 17:35:39 [notice] 1#1: start worker process 29
2025/06/13 17:35:39 [notice] 1#1: start worker process 30
2025/06/13 17:35:39 [notice] 1#1: start worker process 31
2025/06/13 17:58:03 [notice] 1#1: signal 3 (SIGQUIT) received, shutting down
2025/06/13 17:58:03 [notice] 20#20: gracefully shutting down
2025/06/13 17:58:03 [notice] 21#21: gracefully shutting down
2025/06/13 17:58:03 [notice] 22#22: gracefully shutting down
2025/06/13 17:58:03 [notice] 23#23: gracefully shutting down
2025/06/13 17:58:03 [notice] 22#22: exiting
2025/06/13 17:58:03 [notice] 21#21: exiting
2025/06/13 17:58:03 [notice] 24#24: gracefully shutting down
2025/06/13 17:58:03 [notice] 20#20: exiting
2025/06/13 17:58:03 [notice] 23#23: exiting
2025/06/13 17:58:03 [notice] 21#21: exit
2025/06/13 17:58:03 [notice] 23#23: exit
2025/06/13 17:58:03 [notice] 24#24: exiting
2025/06/13 17:58:03 [notice] 20#20: exit
2025/06/13 17:58:03 [notice] 24#24: exit
2025/06/13 17:58:03 [notice] 25#25: gracefully shutting down
2025/06/13 17:58:03 [notice] 22#22: exit
2025/06/13 17:58:03 [notice] 25#25: exiting
2025/06/13 17:58:03 [notice] 26#26: gracefully shutting down
2025/06/13 17:58:03 [notice] 29#29: gracefully shutting down
2025/06/13 17:58:03 [notice] 25#25: exit
2025/06/13 17:58:03 [notice] 26#26: exiting
2025/06/13 17:58:03 [notice] 29#29: exiting
2025/06/13 17:58:03 [notice] 29#29: exit
2025/06/13 17:58:03 [notice] 26#26: exit
2025/06/13 17:58:03 [notice] 27#27: gracefully shutting down
2025/06/13 17:58:03 [notice] 28#28: gracefully shutting down
2025/06/13 17:58:03 [notice] 30#30: gracefully shutting down
2025/06/13 17:58:03 [notice] 27#27: exiting
2025/06/13 17:58:03 [notice] 30#30: exiting
2025/06/13 17:58:03 [notice] 27#27: exit
2025/06/13 17:58:03 [notice] 30#30: exit
2025/06/13 17:58:03 [notice] 28#28: exiting
2025/06/13 17:58:03 [notice] 28#28: exit
2025/06/13 17:58:03 [notice] 31#31: gracefully shutting down
2025/06/13 17:58:03 [notice] 31#31: exiting
2025/06/13 17:58:03 [notice] 31#31: exit
2025/06/13 17:58:03 [notice] 1#1: signal 17 (SIGCHLD) received from 25
2025/06/13 17:58:03 [notice] 1#1: worker process 25 exited with code 0
2025/06/13 17:58:03 [notice] 1#1: worker process 30 exited with code 0
2025/06/13 17:58:03 [notice] 1#1: signal 29 (SIGIO) received
2025/06/13 17:58:03 [notice] 1#1: signal 17 (SIGCHLD) received from 26
2025/06/13 17:58:03 [notice] 1#1: worker process 26 exited with code 0
2025/06/13 17:58:03 [notice] 1#1: signal 29 (SIGIO) received
2025/06/13 17:58:03 [notice] 1#1: signal 17 (SIGCHLD) received from 24
2025/06/13 17:58:03 [notice] 1#1: worker process 20 exited with code 0
2025/06/13 17:58:03 [notice] 1#1: worker process 21 exited with code 0
2025/06/13 17:58:03 [notice] 1#1: worker process 22 exited with code 0
2025/06/13 17:58:03 [notice] 1#1: worker process 23 exited with code 0
2025/06/13 17:58:03 [notice] 1#1: worker process 24 exited with code 0
2025/06/13 17:58:03 [notice] 1#1: worker process 28 exited with code 0
2025/06/13 17:58:03 [notice] 1#1: worker process 29 exited with code 0
2025/06/13 17:58:03 [notice] 1#1: worker process 31 exited with code 0
2025/06/13 17:58:03 [notice] 1#1: signal 17 (SIGCHLD) received from 22
2025/06/13 17:58:03 [notice] 1#1: worker process 27 exited with code 0
2025/06/13 17:58:03 [notice] 1#1: exit
2025/06/14 15:35:47 [notice] 1#1: using the "epoll" event method
2025/06/14 15:35:47 [notice] 1#1: nginx/1.27.5
2025/06/14 15:35:47 [notice] 1#1: built by gcc 14.2.0 (Alpine 14.2.0) 
2025/06/14 15:35:47 [notice] 1#1: OS: Linux 6.6.87.2-microsoft-standard-WSL2
2025/06/14 15:35:47 [notice] 1#1: getrlimit(RLIMIT_NOFILE): 65536:1048576
2025/06/14 15:35:47 [notice] 1#1: start worker processes
2025/06/14 15:35:47 [notice] 1#1: start worker process 20
2025/06/14 15:35:47 [notice] 1#1: start worker process 21
2025/06/14 15:35:47 [notice] 1#1: start worker process 22
2025/06/14 15:35:47 [notice] 1#1: start worker process 23
2025/06/14 15:35:47 [notice] 1#1: start worker process 24
2025/06/14 15:35:47 [notice] 1#1: start worker process 25
2025/06/14 15:35:47 [notice] 1#1: start worker process 26
2025/06/14 15:35:47 [notice] 1#1: start worker process 27
2025/06/14 15:35:47 [notice] 1#1: start worker process 28
2025/06/14 15:35:47 [notice] 1#1: start worker process 29
2025/06/14 15:35:47 [notice] 1#1: start worker process 30
2025/06/14 15:35:47 [notice] 1#1: start worker process 31
2025/06/16 09:06:44 [notice] 1#1: using the "epoll" event method
2025/06/16 09:06:44 [notice] 1#1: nginx/1.27.5
2025/06/16 09:06:44 [notice] 1#1: built by gcc 14.2.0 (Alpine 14.2.0) 
2025/06/16 09:06:44 [notice] 1#1: OS: Linux 6.6.87.2-microsoft-standard-WSL2
2025/06/16 09:06:44 [notice] 1#1: getrlimit(RLIMIT_NOFILE): 65536:1048576
2025/06/16 09:06:44 [notice] 1#1: start worker processes
2025/06/16 09:06:44 [notice] 1#1: start worker process 20
2025/06/16 09:06:44 [notice] 1#1: start worker process 21
2025/06/16 09:06:44 [notice] 1#1: start worker process 22
2025/06/16 09:06:44 [notice] 1#1: start worker process 23
2025/06/16 09:06:44 [notice] 1#1: start worker process 24
2025/06/16 09:06:44 [notice] 1#1: start worker process 25
2025/06/16 09:06:44 [notice] 1#1: start worker process 26
2025/06/16 09:06:44 [notice] 1#1: start worker process 27
2025/06/16 09:06:44 [notice] 1#1: start worker process 28
2025/06/16 09:06:44 [notice] 1#1: start worker process 29
2025/06/16 09:06:44 [notice] 1#1: start worker process 30
2025/06/16 09:06:44 [notice] 1#1: start worker process 31
2025/06/16 09:06:55 [notice] 1#1: signal 3 (SIGQUIT) received, shutting down
2025/06/16 09:06:55 [notice] 21#21: gracefully shutting down
2025/06/16 09:06:55 [notice] 20#20: gracefully shutting down
2025/06/16 09:06:55 [notice] 22#22: gracefully shutting down
2025/06/16 09:06:55 [notice] 21#21: exiting
2025/06/16 09:06:55 [notice] 20#20: exiting
2025/06/16 09:06:55 [notice] 23#23: gracefully shutting down
2025/06/16 09:06:55 [notice] 24#24: gracefully shutting down
2025/06/16 09:06:55 [notice] 25#25: gracefully shutting down
2025/06/16 09:06:55 [notice] 22#22: exiting
2025/06/16 09:06:55 [notice] 26#26: gracefully shutting down
2025/06/16 09:06:55 [notice] 23#23: exiting
2025/06/16 09:06:55 [notice] 24#24: exiting
2025/06/16 09:06:55 [notice] 25#25: exiting
2025/06/16 09:06:55 [notice] 26#26: exiting
2025/06/16 09:06:55 [notice] 20#20: exit
2025/06/16 09:06:55 [notice] 21#21: exit
2025/06/16 09:06:55 [notice] 23#23: exit
2025/06/16 09:06:55 [notice] 25#25: exit
2025/06/16 09:06:55 [notice] 22#22: exit
2025/06/16 09:06:55 [notice] 26#26: exit
2025/06/16 09:06:55 [notice] 24#24: exit
2025/06/16 09:06:55 [notice] 27#27: gracefully shutting down
2025/06/16 09:06:55 [notice] 27#27: exiting
2025/06/16 09:06:55 [notice] 27#27: exit
2025/06/16 09:06:55 [notice] 28#28: gracefully shutting down
2025/06/16 09:06:55 [notice] 29#29: gracefully shutting down
2025/06/16 09:06:55 [notice] 30#30: gracefully shutting down
2025/06/16 09:06:55 [notice] 28#28: exiting
2025/06/16 09:06:55 [notice] 29#29: exiting
2025/06/16 09:06:55 [notice] 30#30: exiting
2025/06/16 09:06:55 [notice] 28#28: exit
2025/06/16 09:06:55 [notice] 29#29: exit
2025/06/16 09:06:55 [notice] 30#30: exit
2025/06/16 09:06:55 [notice] 31#31: gracefully shutting down
2025/06/16 09:06:55 [notice] 31#31: exiting
2025/06/16 09:06:55 [notice] 31#31: exit
2025/06/16 09:06:55 [notice] 1#1: signal 17 (SIGCHLD) received from 25
2025/06/16 09:06:55 [notice] 1#1: worker process 25 exited with code 0
2025/06/16 09:06:55 [notice] 1#1: signal 29 (SIGIO) received
2025/06/16 09:06:55 [notice] 1#1: signal 17 (SIGCHLD) received from 28
2025/06/16 09:06:55 [notice] 1#1: worker process 28 exited with code 0
2025/06/16 09:06:55 [notice] 1#1: signal 29 (SIGIO) received
2025/06/16 09:06:55 [notice] 1#1: signal 17 (SIGCHLD) received from 24
2025/06/16 09:06:55 [notice] 1#1: worker process 24 exited with code 0
2025/06/16 09:06:55 [notice] 1#1: signal 29 (SIGIO) received
2025/06/16 09:06:55 [notice] 1#1: signal 17 (SIGCHLD) received from 26
2025/06/16 09:06:55 [notice] 1#1: worker process 20 exited with code 0
2025/06/16 09:06:55 [notice] 1#1: worker process 22 exited with code 0
2025/06/16 09:06:55 [notice] 1#1: worker process 26 exited with code 0
2025/06/16 09:06:55 [notice] 1#1: worker process 27 exited with code 0
2025/06/16 09:06:55 [notice] 1#1: worker process 29 exited with code 0
2025/06/16 09:06:55 [notice] 1#1: worker process 30 exited with code 0
2025/06/16 09:06:55 [notice] 1#1: worker process 31 exited with code 0
2025/06/16 09:06:55 [notice] 1#1: signal 29 (SIGIO) received
2025/06/16 09:06:55 [notice] 1#1: signal 17 (SIGCHLD) received from 23
2025/06/16 09:06:55 [notice] 1#1: worker process 21 exited with code 0
2025/06/16 09:06:55 [notice] 1#1: worker process 23 exited with code 0
2025/06/16 09:06:55 [notice] 1#1: exit
2025/06/16 15:14:18 [notice] 1#1: using the "epoll" event method
2025/06/16 15:14:18 [notice] 1#1: nginx/1.27.5
2025/06/16 15:14:18 [notice] 1#1: built by gcc 14.2.0 (Alpine 14.2.0) 
2025/06/16 15:14:18 [notice] 1#1: OS: Linux 6.6.87.2-microsoft-standard-WSL2
2025/06/16 15:14:18 [notice] 1#1: getrlimit(RLIMIT_NOFILE): 65536:1048576
2025/06/16 15:14:18 [notice] 1#1: start worker processes
2025/06/16 15:14:18 [notice] 1#1: start worker process 20
2025/06/16 15:14:18 [notice] 1#1: start worker process 21
2025/06/16 15:14:18 [notice] 1#1: start worker process 22
2025/06/16 15:14:18 [notice] 1#1: start worker process 23
2025/06/16 15:14:18 [notice] 1#1: start worker process 24
2025/06/16 15:14:18 [notice] 1#1: start worker process 25
2025/06/16 15:14:18 [notice] 1#1: start worker process 26
2025/06/16 15:14:18 [notice] 1#1: start worker process 27
2025/06/16 15:14:18 [notice] 1#1: start worker process 28
2025/06/16 15:14:18 [notice] 1#1: start worker process 29
2025/06/16 15:14:18 [notice] 1#1: start worker process 30
2025/06/16 15:14:18 [notice] 1#1: start worker process 31
2025/06/16 17:13:39 [notice] 1#1: signal 3 (SIGQUIT) received, shutting down
2025/06/16 17:13:39 [notice] 20#20: gracefully shutting down
2025/06/16 17:13:39 [notice] 23#23: gracefully shutting down
2025/06/16 17:13:39 [notice] 22#22: gracefully shutting down
2025/06/16 17:13:39 [notice] 21#21: gracefully shutting down
2025/06/16 17:13:39 [notice] 25#25: gracefully shutting down
2025/06/16 17:13:39 [notice] 29#29: gracefully shutting down
2025/06/16 17:13:39 [notice] 26#26: gracefully shutting down
2025/06/16 17:13:39 [notice] 30#30: gracefully shutting down
2025/06/16 17:13:39 [notice] 24#24: gracefully shutting down
2025/06/16 17:13:39 [notice] 28#28: gracefully shutting down
2025/06/16 17:13:39 [notice] 29#29: exiting
2025/06/16 17:13:39 [notice] 22#22: exiting
2025/06/16 17:13:39 [notice] 21#21: exiting
2025/06/16 17:13:39 [notice] 20#20: exiting
2025/06/16 17:13:39 [notice] 25#25: exiting
2025/06/16 17:13:39 [notice] 31#31: gracefully shutting down
2025/06/16 17:13:39 [notice] 27#27: gracefully shutting down
2025/06/16 17:13:39 [notice] 23#23: exiting
2025/06/16 17:13:39 [notice] 30#30: exiting
2025/06/16 17:13:39 [notice] 26#26: exiting
2025/06/16 17:13:39 [notice] 24#24: exiting
2025/06/16 17:13:39 [notice] 27#27: exiting
2025/06/16 17:13:39 [notice] 20#20: exit
2025/06/16 17:13:39 [notice] 27#27: exit
2025/06/16 17:13:39 [notice] 30#30: exit
2025/06/16 17:13:39 [notice] 21#21: exit
2025/06/16 17:13:39 [notice] 22#22: exit
2025/06/16 17:13:39 [notice] 23#23: exit
2025/06/16 17:13:39 [notice] 24#24: exit
2025/06/16 17:13:39 [notice] 31#31: exiting
2025/06/16 17:13:39 [notice] 28#28: exiting
2025/06/16 17:13:39 [notice] 26#26: exit
2025/06/16 17:13:39 [notice] 28#28: exit
2025/06/16 17:13:39 [notice] 31#31: exit
2025/06/16 17:13:39 [notice] 29#29: exit
2025/06/16 17:13:39 [notice] 25#25: exit
2025/06/16 17:13:39 [notice] 1#1: signal 17 (SIGCHLD) received from 26
2025/06/16 17:13:39 [notice] 1#1: worker process 21 exited with code 0
2025/06/16 17:13:39 [notice] 1#1: worker process 22 exited with code 0
2025/06/16 17:13:39 [notice] 1#1: worker process 26 exited with code 0
2025/06/16 17:13:39 [notice] 1#1: worker process 27 exited with code 0
2025/06/16 17:13:39 [notice] 1#1: signal 29 (SIGIO) received
2025/06/16 17:13:39 [notice] 1#1: signal 17 (SIGCHLD) received from 22
2025/06/16 17:13:39 [notice] 1#1: signal 17 (SIGCHLD) received from 20
2025/06/16 17:13:39 [notice] 1#1: worker process 20 exited with code 0
2025/06/16 17:13:39 [notice] 1#1: worker process 31 exited with code 0
2025/06/16 17:13:39 [notice] 1#1: signal 29 (SIGIO) received
2025/06/16 17:13:39 [notice] 1#1: signal 17 (SIGCHLD) received from 31
2025/06/16 17:13:39 [notice] 1#1: signal 17 (SIGCHLD) received from 24
2025/06/16 17:13:39 [notice] 1#1: worker process 24 exited with code 0
2025/06/16 17:13:39 [notice] 1#1: signal 29 (SIGIO) received
2025/06/16 17:13:39 [notice] 1#1: signal 17 (SIGCHLD) received from 29
2025/06/16 17:13:39 [notice] 1#1: worker process 29 exited with code 0
2025/06/16 17:13:39 [notice] 1#1: worker process 30 exited with code 0
2025/06/16 17:13:39 [notice] 1#1: signal 29 (SIGIO) received
2025/06/16 17:13:39 [notice] 1#1: signal 17 (SIGCHLD) received from 23
2025/06/16 17:13:39 [notice] 1#1: worker process 23 exited with code 0
2025/06/16 17:13:39 [notice] 1#1: signal 29 (SIGIO) received
2025/06/16 17:13:39 [notice] 1#1: signal 17 (SIGCHLD) received from 28
2025/06/16 17:13:39 [notice] 1#1: worker process 28 exited with code 0
2025/06/16 17:13:39 [notice] 1#1: signal 29 (SIGIO) received
2025/06/16 17:13:39 [notice] 1#1: signal 17 (SIGCHLD) received from 25
2025/06/16 17:13:39 [notice] 1#1: worker process 25 exited with code 0
2025/06/16 17:13:39 [notice] 1#1: exit
2025/06/16 17:13:56 [notice] 1#1: using the "epoll" event method
2025/06/16 17:13:56 [notice] 1#1: nginx/1.27.5
2025/06/16 17:13:56 [notice] 1#1: built by gcc 14.2.0 (Alpine 14.2.0) 
2025/06/16 17:13:56 [notice] 1#1: OS: Linux 6.6.87.2-microsoft-standard-WSL2
2025/06/16 17:13:56 [notice] 1#1: getrlimit(RLIMIT_NOFILE): 65536:1048576
2025/06/16 17:13:56 [notice] 1#1: start worker processes
2025/06/16 17:13:56 [notice] 1#1: start worker process 20
2025/06/16 17:13:56 [notice] 1#1: start worker process 21
2025/06/16 17:13:56 [notice] 1#1: start worker process 22
2025/06/16 17:13:56 [notice] 1#1: start worker process 23
2025/06/16 17:13:56 [notice] 1#1: start worker process 24
2025/06/16 17:13:56 [notice] 1#1: start worker process 25
2025/06/16 17:13:56 [notice] 1#1: start worker process 26
2025/06/16 17:13:56 [notice] 1#1: start worker process 27
2025/06/16 17:13:56 [notice] 1#1: start worker process 28
2025/06/16 17:13:56 [notice] 1#1: start worker process 29
2025/06/16 17:13:56 [notice] 1#1: start worker process 30
2025/06/16 17:13:56 [notice] 1#1: start worker process 31
2025/06/16 17:14:25 [notice] 1#1: signal 3 (SIGQUIT) received, shutting down
2025/06/16 17:14:25 [notice] 20#20: gracefully shutting down
2025/06/16 17:14:25 [notice] 21#21: gracefully shutting down
2025/06/16 17:14:25 [notice] 20#20: exiting
2025/06/16 17:14:25 [notice] 22#22: gracefully shutting down
2025/06/16 17:14:25 [notice] 21#21: exiting
2025/06/16 17:14:25 [notice] 23#23: gracefully shutting down
2025/06/16 17:14:25 [notice] 24#24: gracefully shutting down
2025/06/16 17:14:25 [notice] 23#23: exiting
2025/06/16 17:14:25 [notice] 20#20: exit
2025/06/16 17:14:25 [notice] 21#21: exit
2025/06/16 17:14:25 [notice] 24#24: exiting
2025/06/16 17:14:25 [notice] 23#23: exit
2025/06/16 17:14:25 [notice] 24#24: exit
2025/06/16 17:14:25 [notice] 28#28: gracefully shutting down
2025/06/16 17:14:25 [notice] 31#31: gracefully shutting down
2025/06/16 17:14:25 [notice] 22#22: exiting
2025/06/16 17:14:25 [notice] 31#31: exiting
2025/06/16 17:14:25 [notice] 26#26: gracefully shutting down
2025/06/16 17:14:25 [notice] 26#26: exiting
2025/06/16 17:14:25 [notice] 28#28: exiting
2025/06/16 17:14:25 [notice] 31#31: exit
2025/06/16 17:14:25 [notice] 22#22: exit
2025/06/16 17:14:25 [notice] 25#25: gracefully shutting down
2025/06/16 17:14:25 [notice] 26#26: exit
2025/06/16 17:14:25 [notice] 28#28: exit
2025/06/16 17:14:25 [notice] 25#25: exiting
2025/06/16 17:14:25 [notice] 27#27: gracefully shutting down
2025/06/16 17:14:25 [notice] 27#27: exiting
2025/06/16 17:14:25 [notice] 29#29: gracefully shutting down
2025/06/16 17:14:25 [notice] 29#29: exiting
2025/06/16 17:14:25 [notice] 25#25: exit
2025/06/16 17:14:25 [notice] 27#27: exit
2025/06/16 17:14:25 [notice] 29#29: exit
2025/06/16 17:14:25 [notice] 30#30: gracefully shutting down
2025/06/16 17:14:25 [notice] 30#30: exiting
2025/06/16 17:14:25 [notice] 30#30: exit
2025/06/16 17:14:25 [notice] 1#1: signal 17 (SIGCHLD) received from 21
2025/06/16 17:14:25 [notice] 1#1: worker process 21 exited with code 0
2025/06/16 17:14:25 [notice] 1#1: signal 29 (SIGIO) received
2025/06/16 17:14:25 [notice] 1#1: signal 17 (SIGCHLD) received from 31
2025/06/16 17:14:25 [notice] 1#1: worker process 22 exited with code 0
2025/06/16 17:14:25 [notice] 1#1: worker process 31 exited with code 0
2025/06/16 17:14:25 [notice] 1#1: signal 29 (SIGIO) received
2025/06/16 17:14:25 [notice] 1#1: signal 17 (SIGCHLD) received from 22
2025/06/16 17:14:25 [notice] 1#1: worker process 20 exited with code 0
2025/06/16 17:14:25 [notice] 1#1: signal 29 (SIGIO) received
2025/06/16 17:14:25 [notice] 1#1: signal 17 (SIGCHLD) received from 24
2025/06/16 17:14:25 [notice] 1#1: worker process 23 exited with code 0
2025/06/16 17:14:25 [notice] 1#1: worker process 24 exited with code 0
2025/06/16 17:14:25 [notice] 1#1: signal 29 (SIGIO) received
2025/06/16 17:14:25 [notice] 1#1: signal 17 (SIGCHLD) received from 23
2025/06/16 17:14:25 [notice] 1#1: signal 17 (SIGCHLD) received from 29
2025/06/16 17:14:25 [notice] 1#1: worker process 25 exited with code 0
2025/06/16 17:14:25 [notice] 1#1: worker process 26 exited with code 0
2025/06/16 17:14:25 [notice] 1#1: worker process 27 exited with code 0
2025/06/16 17:14:25 [notice] 1#1: worker process 28 exited with code 0
2025/06/16 17:14:25 [notice] 1#1: worker process 29 exited with code 0
2025/06/16 17:14:25 [notice] 1#1: signal 29 (SIGIO) received
2025/06/16 17:14:25 [notice] 1#1: signal 17 (SIGCHLD) received from 25
2025/06/16 17:14:25 [notice] 1#1: signal 17 (SIGCHLD) received from 30
2025/06/16 17:14:25 [notice] 1#1: worker process 30 exited with code 0
2025/06/16 17:14:25 [notice] 1#1: exit
2025/06/16 17:14:42 [notice] 1#1: using the "epoll" event method
2025/06/16 17:14:42 [notice] 1#1: nginx/1.27.5
2025/06/16 17:14:42 [notice] 1#1: built by gcc 14.2.0 (Alpine 14.2.0) 
2025/06/16 17:14:42 [notice] 1#1: OS: Linux 6.6.87.2-microsoft-standard-WSL2
2025/06/16 17:14:42 [notice] 1#1: getrlimit(RLIMIT_NOFILE): 65536:1048576
2025/06/16 17:14:42 [notice] 1#1: start worker processes
2025/06/16 17:14:42 [notice] 1#1: start worker process 20
2025/06/16 17:14:42 [notice] 1#1: start worker process 21
2025/06/16 17:14:42 [notice] 1#1: start worker process 22
2025/06/16 17:14:42 [notice] 1#1: start worker process 23
2025/06/16 17:14:42 [notice] 1#1: start worker process 24
2025/06/16 17:14:42 [notice] 1#1: start worker process 25
2025/06/16 17:14:42 [notice] 1#1: start worker process 26
2025/06/16 17:14:42 [notice] 1#1: start worker process 27
2025/06/16 17:14:42 [notice] 1#1: start worker process 28
2025/06/16 17:14:42 [notice] 1#1: start worker process 29
2025/06/16 17:14:42 [notice] 1#1: start worker process 30
2025/06/16 17:14:42 [notice] 1#1: start worker process 31
2025/06/17 09:29:51 [notice] 1#1: using the "epoll" event method
2025/06/17 09:29:51 [notice] 1#1: nginx/1.27.5
2025/06/17 09:29:51 [notice] 1#1: built by gcc 14.2.0 (Alpine 14.2.0) 
2025/06/17 09:29:51 [notice] 1#1: OS: Linux 6.6.87.2-microsoft-standard-WSL2
2025/06/17 09:29:51 [notice] 1#1: getrlimit(RLIMIT_NOFILE): 65536:1048576
2025/06/17 09:29:51 [notice] 1#1: start worker processes
2025/06/17 09:29:51 [notice] 1#1: start worker process 20
2025/06/17 09:29:51 [notice] 1#1: start worker process 21
2025/06/17 09:29:51 [notice] 1#1: start worker process 22
2025/06/17 09:29:51 [notice] 1#1: start worker process 23
2025/06/17 09:29:51 [notice] 1#1: start worker process 24
2025/06/17 09:29:51 [notice] 1#1: start worker process 25
2025/06/17 09:29:51 [notice] 1#1: start worker process 26
2025/06/17 09:29:51 [notice] 1#1: start worker process 27
2025/06/17 09:29:51 [notice] 1#1: start worker process 28
2025/06/17 09:29:51 [notice] 1#1: start worker process 29
2025/06/17 09:29:51 [notice] 1#1: start worker process 30
2025/06/17 09:29:51 [notice] 1#1: start worker process 31
2025/06/18 08:31:52 [notice] 1#1: using the "epoll" event method
2025/06/18 08:31:52 [notice] 1#1: nginx/1.27.5
2025/06/18 08:31:52 [notice] 1#1: built by gcc 14.2.0 (Alpine 14.2.0) 
2025/06/18 08:31:52 [notice] 1#1: OS: Linux 6.6.87.2-microsoft-standard-WSL2
2025/06/18 08:31:52 [notice] 1#1: getrlimit(RLIMIT_NOFILE): 65536:1048576
2025/06/18 08:31:52 [notice] 1#1: start worker processes
2025/06/18 08:31:52 [notice] 1#1: start worker process 20
2025/06/18 08:31:52 [notice] 1#1: start worker process 21
2025/06/18 08:31:52 [notice] 1#1: start worker process 22
2025/06/18 08:31:52 [notice] 1#1: start worker process 23
2025/06/18 08:31:52 [notice] 1#1: start worker process 24
2025/06/18 08:31:52 [notice] 1#1: start worker process 25
2025/06/18 08:31:52 [notice] 1#1: start worker process 26
2025/06/18 08:31:52 [notice] 1#1: start worker process 27
2025/06/18 08:31:52 [notice] 1#1: start worker process 28
2025/06/18 08:31:52 [notice] 1#1: start worker process 29
2025/06/18 08:31:52 [notice] 1#1: start worker process 30
2025/06/18 08:31:52 [notice] 1#1: start worker process 31
2025/06/18 08:33:46 [notice] 1#1: signal 3 (SIGQUIT) received, shutting down
2025/06/18 08:33:46 [notice] 20#20: gracefully shutting down
2025/06/18 08:33:46 [notice] 21#21: gracefully shutting down
2025/06/18 08:33:46 [notice] 22#22: gracefully shutting down
2025/06/18 08:33:46 [notice] 25#25: gracefully shutting down
2025/06/18 08:33:46 [notice] 27#27: gracefully shutting down
2025/06/18 08:33:46 [notice] 24#24: gracefully shutting down
2025/06/18 08:33:46 [notice] 22#22: exiting
2025/06/18 08:33:46 [notice] 27#27: exiting
2025/06/18 08:33:46 [notice] 24#24: exiting
2025/06/18 08:33:46 [notice] 25#25: exiting
2025/06/18 08:33:46 [notice] 28#28: gracefully shutting down
2025/06/18 08:33:46 [notice] 22#22: exit
2025/06/18 08:33:46 [notice] 25#25: exit
2025/06/18 08:33:46 [notice] 24#24: exit
2025/06/18 08:33:46 [notice] 28#28: exiting
2025/06/18 08:33:46 [notice] 27#27: exit
2025/06/18 08:33:46 [notice] 28#28: exit
2025/06/18 08:33:46 [notice] 31#31: gracefully shutting down
2025/06/18 08:33:46 [notice] 31#31: exiting
2025/06/18 08:33:46 [notice] 31#31: exit
2025/06/18 08:33:46 [notice] 30#30: gracefully shutting down
2025/06/18 08:33:46 [notice] 30#30: exiting
2025/06/18 08:33:46 [notice] 20#20: exiting
2025/06/18 08:33:46 [notice] 23#23: gracefully shutting down
2025/06/18 08:33:46 [notice] 30#30: exit
2025/06/18 08:33:46 [notice] 23#23: exiting
2025/06/18 08:33:46 [notice] 21#21: exiting
2025/06/18 08:33:46 [notice] 20#20: exit
2025/06/18 08:33:46 [notice] 21#21: exit
2025/06/18 08:33:46 [notice] 23#23: exit
2025/06/18 08:33:46 [notice] 29#29: gracefully shutting down
2025/06/18 08:33:46 [notice] 29#29: exiting
2025/06/18 08:33:46 [notice] 26#26: gracefully shutting down
2025/06/18 08:33:46 [notice] 26#26: exiting
2025/06/18 08:33:46 [notice] 29#29: exit
2025/06/18 08:33:46 [notice] 26#26: exit
2025/06/18 08:33:46 [notice] 1#1: signal 17 (SIGCHLD) received from 30
2025/06/18 08:33:46 [notice] 1#1: worker process 30 exited with code 0
2025/06/18 08:33:46 [notice] 1#1: signal 29 (SIGIO) received
2025/06/18 08:33:46 [notice] 1#1: signal 17 (SIGCHLD) received from 23
2025/06/18 08:33:46 [notice] 1#1: worker process 23 exited with code 0
2025/06/18 08:33:46 [notice] 1#1: signal 29 (SIGIO) received
2025/06/18 08:33:46 [notice] 1#1: signal 17 (SIGCHLD) received from 22
2025/06/18 08:33:46 [notice] 1#1: worker process 22 exited with code 0
2025/06/18 08:33:46 [notice] 1#1: signal 29 (SIGIO) received
2025/06/18 08:33:46 [notice] 1#1: signal 17 (SIGCHLD) received from 29
2025/06/18 08:33:46 [notice] 1#1: worker process 24 exited with code 0
2025/06/18 08:33:46 [notice] 1#1: worker process 26 exited with code 0
2025/06/18 08:33:46 [notice] 1#1: worker process 27 exited with code 0
2025/06/18 08:33:46 [notice] 1#1: worker process 28 exited with code 0
2025/06/18 08:33:46 [notice] 1#1: worker process 29 exited with code 0
2025/06/18 08:33:46 [notice] 1#1: signal 29 (SIGIO) received
2025/06/18 08:33:46 [notice] 1#1: signal 17 (SIGCHLD) received from 28
2025/06/18 08:33:46 [notice] 1#1: signal 17 (SIGCHLD) received from 20
2025/06/18 08:33:46 [notice] 1#1: worker process 20 exited with code 0
2025/06/18 08:33:46 [notice] 1#1: worker process 21 exited with code 0
2025/06/18 08:33:46 [notice] 1#1: worker process 25 exited with code 0
2025/06/18 08:33:46 [notice] 1#1: signal 17 (SIGCHLD) received from 31
2025/06/18 08:33:46 [notice] 1#1: worker process 31 exited with code 0
2025/06/18 08:33:46 [notice] 1#1: exit
2025/07/04 15:04:34 [notice] 1#1: using the "epoll" event method
2025/07/04 15:04:34 [notice] 1#1: nginx/1.29.0
2025/07/04 15:04:34 [notice] 1#1: built by gcc 14.2.0 (Alpine 14.2.0) 
2025/07/04 15:04:34 [notice] 1#1: OS: Linux 6.6.87.2-microsoft-standard-WSL2
2025/07/04 15:04:34 [notice] 1#1: getrlimit(RLIMIT_NOFILE): 65536:1048576
2025/07/04 15:04:34 [notice] 1#1: start worker processes
2025/07/04 15:04:34 [notice] 1#1: start worker process 20
2025/07/04 15:04:34 [notice] 1#1: start worker process 21
2025/07/04 15:04:34 [notice] 1#1: start worker process 22
2025/07/04 15:04:34 [notice] 1#1: start worker process 23
2025/07/04 15:04:34 [notice] 1#1: start worker process 24
2025/07/04 15:04:34 [notice] 1#1: start worker process 25
2025/07/04 15:04:34 [notice] 1#1: start worker process 26
2025/07/04 15:04:34 [notice] 1#1: start worker process 27
2025/07/04 15:04:34 [notice] 1#1: start worker process 28
2025/07/04 15:04:34 [notice] 1#1: start worker process 29
2025/07/04 15:04:34 [notice] 1#1: start worker process 30
2025/07/04 15:04:34 [notice] 1#1: start worker process 31
2025/07/04 15:21:10 [notice] 1#1: signal 3 (SIGQUIT) received, shutting down
2025/07/04 15:21:10 [notice] 20#20: gracefully shutting down
2025/07/04 15:21:10 [notice] 24#24: gracefully shutting down
2025/07/04 15:21:10 [notice] 22#22: gracefully shutting down
2025/07/04 15:21:10 [notice] 21#21: gracefully shutting down
2025/07/04 15:21:10 [notice] 25#25: gracefully shutting down
2025/07/04 15:21:10 [notice] 21#21: exiting
2025/07/04 15:21:10 [notice] 20#20: exiting
2025/07/04 15:21:10 [notice] 24#24: exiting
2025/07/04 15:21:10 [notice] 23#23: gracefully shutting down
2025/07/04 15:21:10 [notice] 26#26: gracefully shutting down
2025/07/04 15:21:10 [notice] 25#25: exiting
2025/07/04 15:21:10 [notice] 31#31: gracefully shutting down
2025/07/04 15:21:10 [notice] 30#30: gracefully shutting down
2025/07/04 15:21:10 [notice] 29#29: gracefully shutting down
2025/07/04 15:21:10 [notice] 27#27: gracefully shutting down
2025/07/04 15:21:10 [notice] 29#29: exiting
2025/07/04 15:21:10 [notice] 30#30: exiting
2025/07/04 15:21:10 [notice] 26#26: exiting
2025/07/04 15:21:10 [notice] 23#23: exiting
2025/07/04 15:21:10 [notice] 28#28: gracefully shutting down
2025/07/04 15:21:10 [notice] 22#22: exiting
2025/07/04 15:21:10 [notice] 20#20: exit
2025/07/04 15:21:10 [notice] 30#30: exit
2025/07/04 15:21:10 [notice] 22#22: exit
2025/07/04 15:21:10 [notice] 26#26: exit
2025/07/04 15:21:10 [notice] 25#25: exit
2025/07/04 15:21:10 [notice] 24#24: exit
2025/07/04 15:21:10 [notice] 21#21: exit
2025/07/04 15:21:10 [notice] 29#29: exit
2025/07/04 15:21:10 [notice] 23#23: exit
2025/07/04 15:21:10 [notice] 27#27: exiting
2025/07/04 15:21:10 [notice] 31#31: exiting
2025/07/04 15:21:10 [notice] 28#28: exiting
2025/07/04 15:21:10 [notice] 27#27: exit
2025/07/04 15:21:10 [notice] 28#28: exit
2025/07/04 15:21:10 [notice] 31#31: exit
2025/07/04 15:21:10 [notice] 1#1: signal 17 (SIGCHLD) received from 20
2025/07/04 15:21:10 [notice] 1#1: worker process 20 exited with code 0
2025/07/04 15:21:10 [notice] 1#1: signal 29 (SIGIO) received
2025/07/04 15:21:10 [notice] 1#1: signal 17 (SIGCHLD) received from 28
2025/07/04 15:21:10 [notice] 1#1: worker process 28 exited with code 0
2025/07/04 15:21:10 [notice] 1#1: signal 29 (SIGIO) received
2025/07/04 15:21:10 [notice] 1#1: signal 17 (SIGCHLD) received from 26
2025/07/04 15:21:10 [notice] 1#1: worker process 26 exited with code 0
2025/07/04 15:21:10 [notice] 1#1: worker process 21 exited with code 0
2025/07/04 15:21:10 [notice] 1#1: worker process 25 exited with code 0
2025/07/04 15:21:10 [notice] 1#1: signal 29 (SIGIO) received
2025/07/04 15:21:10 [notice] 1#1: signal 17 (SIGCHLD) received from 21
2025/07/04 15:21:10 [notice] 1#1: worker process 22 exited with code 0
2025/07/04 15:21:10 [notice] 1#1: signal 29 (SIGIO) received
2025/07/04 15:21:10 [notice] 1#1: signal 17 (SIGCHLD) received from 24
2025/07/04 15:21:10 [notice] 1#1: worker process 23 exited with code 0
2025/07/04 15:21:10 [notice] 1#1: worker process 24 exited with code 0
2025/07/04 15:21:10 [notice] 1#1: signal 29 (SIGIO) received
2025/07/04 15:21:10 [notice] 1#1: signal 17 (SIGCHLD) received from 31
2025/07/04 15:21:10 [notice] 1#1: worker process 31 exited with code 0
2025/07/04 15:21:10 [notice] 1#1: signal 17 (SIGCHLD) received from 27
2025/07/04 15:21:10 [notice] 1#1: worker process 27 exited with code 0
2025/07/04 15:21:10 [notice] 1#1: worker process 29 exited with code 0
2025/07/04 15:21:10 [notice] 1#1: signal 17 (SIGCHLD) received from 29
2025/07/04 15:21:10 [notice] 1#1: signal 17 (SIGCHLD) received from 30
2025/07/04 15:21:10 [notice] 1#1: worker process 30 exited with code 0
2025/07/04 15:21:10 [notice] 1#1: exit
2025/07/04 15:31:19 [notice] 1#1: using the "epoll" event method
2025/07/04 15:31:19 [notice] 1#1: nginx/1.29.0
2025/07/04 15:31:19 [notice] 1#1: built by gcc 14.2.0 (Alpine 14.2.0) 
2025/07/04 15:31:19 [notice] 1#1: OS: Linux 6.6.87.2-microsoft-standard-WSL2
2025/07/04 15:31:19 [notice] 1#1: getrlimit(RLIMIT_NOFILE): 65536:1048576
2025/07/04 15:31:19 [notice] 1#1: start worker processes
2025/07/04 15:31:19 [notice] 1#1: start worker process 20
2025/07/04 15:31:19 [notice] 1#1: start worker process 21
2025/07/04 15:31:19 [notice] 1#1: start worker process 22
2025/07/04 15:31:19 [notice] 1#1: start worker process 23
2025/07/04 15:31:19 [notice] 1#1: start worker process 24
2025/07/04 15:31:19 [notice] 1#1: start worker process 25
2025/07/04 15:31:19 [notice] 1#1: start worker process 26
2025/07/04 15:31:19 [notice] 1#1: start worker process 27
2025/07/04 15:31:19 [notice] 1#1: start worker process 28
2025/07/04 15:31:19 [notice] 1#1: start worker process 29
2025/07/04 15:31:19 [notice] 1#1: start worker process 30
2025/07/04 15:31:19 [notice] 1#1: start worker process 31
2025/07/04 15:35:26 [warn] 21#21: *2 an upstream response is buffered to a temporary file /var/cache/nginx/fastcgi_temp/1/00/0000000001 while reading upstream, client: 172.29.0.1, server: _, request: "GET / HTTP/1.1", upstream: "fastcgi://172.29.0.4:9000", host: "localhost:91"
2025/07/04 15:35:27 [warn] 21#21: *2 an upstream response is buffered to a temporary file /var/cache/nginx/fastcgi_temp/2/00/0000000002 while reading upstream, client: 172.29.0.1, server: _, request: "GET / HTTP/1.1", upstream: "fastcgi://172.29.0.4:9000", host: "localhost:91"
2025/07/04 15:38:19 [warn] 23#23: *10 an upstream response is buffered to a temporary file /var/cache/nginx/fastcgi_temp/3/00/0000000003 while reading upstream, client: 172.29.0.1, server: _, request: "GET / HTTP/1.1", upstream: "fastcgi://172.29.0.4:9000", host: "localhost:91"
2025/07/04 16:45:59 [notice] 1#1: signal 3 (SIGQUIT) received, shutting down
2025/07/04 16:45:59 [notice] 27#27: gracefully shutting down
2025/07/04 16:45:59 [notice] 24#24: gracefully shutting down
2025/07/04 16:45:59 [notice] 27#27: exiting
2025/07/04 16:45:59 [notice] 21#21: gracefully shutting down
2025/07/04 16:45:59 [notice] 25#25: gracefully shutting down
2025/07/04 16:45:59 [notice] 23#23: gracefully shutting down
2025/07/04 16:45:59 [notice] 22#22: gracefully shutting down
2025/07/04 16:45:59 [notice] 20#20: gracefully shutting down
2025/07/04 16:45:59 [notice] 31#31: gracefully shutting down
2025/07/04 16:45:59 [notice] 26#26: gracefully shutting down
2025/07/04 16:45:59 [notice] 30#30: gracefully shutting down
2025/07/04 16:45:59 [notice] 29#29: gracefully shutting down
2025/07/04 16:45:59 [notice] 25#25: exiting
2025/07/04 16:45:59 [notice] 24#24: exiting
2025/07/04 16:45:59 [notice] 23#23: exiting
2025/07/04 16:45:59 [notice] 20#20: exiting
2025/07/04 16:45:59 [notice] 21#21: exiting
2025/07/04 16:45:59 [notice] 31#31: exiting
2025/07/04 16:45:59 [notice] 30#30: exiting
2025/07/04 16:45:59 [notice] 26#26: exiting
2025/07/04 16:45:59 [notice] 28#28: gracefully shutting down
2025/07/04 16:45:59 [notice] 30#30: exit
2025/07/04 16:45:59 [notice] 24#24: exit
2025/07/04 16:45:59 [notice] 31#31: exit
2025/07/04 16:45:59 [notice] 29#29: exiting
2025/07/04 16:45:59 [notice] 27#27: exit
2025/07/04 16:45:59 [notice] 22#22: exiting
2025/07/04 16:45:59 [notice] 29#29: exit
2025/07/04 16:45:59 [notice] 23#23: exit
2025/07/04 16:45:59 [notice] 22#22: exit
2025/07/04 16:45:59 [notice] 20#20: exit
2025/07/04 16:45:59 [notice] 25#25: exit
2025/07/04 16:45:59 [notice] 21#21: exit
2025/07/04 16:45:59 [notice] 28#28: exiting
2025/07/04 16:45:59 [notice] 26#26: exit
2025/07/04 16:45:59 [notice] 28#28: exit
2025/07/04 16:46:00 [notice] 1#1: signal 17 (SIGCHLD) received from 25
2025/07/04 16:46:00 [notice] 1#1: worker process 23 exited with code 0
2025/07/04 16:46:00 [notice] 1#1: worker process 25 exited with code 0
2025/07/04 16:46:00 [notice] 1#1: worker process 24 exited with code 0
2025/07/04 16:46:00 [notice] 1#1: worker process 26 exited with code 0
2025/07/04 16:46:00 [notice] 1#1: signal 29 (SIGIO) received
2025/07/04 16:46:00 [notice] 1#1: signal 17 (SIGCHLD) received from 24
2025/07/04 16:46:00 [notice] 1#1: signal 17 (SIGCHLD) received from 29
2025/07/04 16:46:00 [notice] 1#1: worker process 21 exited with code 0
2025/07/04 16:46:00 [notice] 1#1: worker process 27 exited with code 0
2025/07/04 16:46:00 [notice] 1#1: worker process 28 exited with code 0
2025/07/04 16:46:00 [notice] 1#1: worker process 29 exited with code 0
2025/07/04 16:46:00 [notice] 1#1: signal 29 (SIGIO) received
2025/07/04 16:46:00 [notice] 1#1: signal 17 (SIGCHLD) received from 27
2025/07/04 16:46:00 [notice] 1#1: signal 17 (SIGCHLD) received from 20
2025/07/04 16:46:00 [notice] 1#1: worker process 20 exited with code 0
2025/07/04 16:46:00 [notice] 1#1: signal 29 (SIGIO) received
2025/07/04 16:46:00 [notice] 1#1: signal 17 (SIGCHLD) received from 31
2025/07/04 16:46:00 [notice] 1#1: worker process 31 exited with code 0
2025/07/04 16:46:00 [notice] 1#1: signal 29 (SIGIO) received
2025/07/04 16:46:00 [notice] 1#1: signal 17 (SIGCHLD) received from 22
2025/07/04 16:46:00 [notice] 1#1: worker process 22 exited with code 0
2025/07/04 16:46:00 [notice] 1#1: signal 29 (SIGIO) received
2025/07/04 16:46:00 [notice] 1#1: signal 17 (SIGCHLD) received from 30
2025/07/04 16:46:00 [notice] 1#1: worker process 30 exited with code 0
2025/07/04 16:46:00 [notice] 1#1: exit
2025/07/04 16:58:41 [notice] 1#1: using the "epoll" event method
2025/07/04 16:58:41 [notice] 1#1: nginx/1.29.0
2025/07/04 16:58:41 [notice] 1#1: built by gcc 14.2.0 (Alpine 14.2.0) 
2025/07/04 16:58:41 [notice] 1#1: OS: Linux 6.6.87.2-microsoft-standard-WSL2
2025/07/04 16:58:41 [notice] 1#1: getrlimit(RLIMIT_NOFILE): 65536:1048576
2025/07/04 16:58:41 [notice] 1#1: start worker processes
2025/07/04 16:58:41 [notice] 1#1: start worker process 20
2025/07/04 16:58:41 [notice] 1#1: start worker process 21
2025/07/04 16:58:41 [notice] 1#1: start worker process 22
2025/07/04 16:58:41 [notice] 1#1: start worker process 23
2025/07/04 16:58:41 [notice] 1#1: start worker process 24
2025/07/04 16:58:41 [notice] 1#1: start worker process 25
2025/07/04 16:58:41 [notice] 1#1: start worker process 26
2025/07/04 16:58:41 [notice] 1#1: start worker process 27
2025/07/04 16:58:41 [notice] 1#1: start worker process 28
2025/07/04 16:58:41 [notice] 1#1: start worker process 29
2025/07/04 16:58:41 [notice] 1#1: start worker process 30
2025/07/04 16:58:41 [notice] 1#1: start worker process 31
2025/07/04 17:16:01 [notice] 1#1: signal 3 (SIGQUIT) received, shutting down
2025/07/04 17:16:01 [notice] 20#20: gracefully shutting down
2025/07/04 17:16:01 [notice] 20#20: exiting
2025/07/04 17:16:01 [notice] 20#20: exit
2025/07/04 17:16:01 [notice] 21#21: gracefully shutting down
2025/07/04 17:16:01 [notice] 22#22: gracefully shutting down
2025/07/04 17:16:01 [notice] 23#23: gracefully shutting down
2025/07/04 17:16:01 [notice] 28#28: gracefully shutting down
2025/07/04 17:16:01 [notice] 29#29: gracefully shutting down
2025/07/04 17:16:01 [notice] 22#22: exiting
2025/07/04 17:16:01 [notice] 28#28: exiting
2025/07/04 17:16:01 [notice] 23#23: exiting
2025/07/04 17:16:01 [notice] 22#22: exit
2025/07/04 17:16:01 [notice] 28#28: exit
2025/07/04 17:16:01 [notice] 21#21: exiting
2025/07/04 17:16:01 [notice] 29#29: exiting
2025/07/04 17:16:01 [notice] 29#29: exit
2025/07/04 17:16:01 [notice] 23#23: exit
2025/07/04 17:16:01 [notice] 21#21: exit
2025/07/04 17:16:01 [notice] 30#30: gracefully shutting down
2025/07/04 17:16:01 [notice] 25#25: gracefully shutting down
2025/07/04 17:16:01 [notice] 25#25: exiting
2025/07/04 17:16:01 [notice] 25#25: exit
2025/07/04 17:16:01 [notice] 30#30: exiting
2025/07/04 17:16:01 [notice] 30#30: exit
2025/07/04 17:16:01 [notice] 26#26: gracefully shutting down
2025/07/04 17:16:01 [notice] 31#31: gracefully shutting down
2025/07/04 17:16:01 [notice] 26#26: exiting
2025/07/04 17:16:01 [notice] 31#31: exiting
2025/07/04 17:16:01 [notice] 26#26: exit
2025/07/04 17:16:01 [notice] 31#31: exit
2025/07/04 17:16:01 [notice] 27#27: gracefully shutting down
2025/07/04 17:16:01 [notice] 27#27: exiting
2025/07/04 17:16:01 [notice] 24#24: gracefully shutting down
2025/07/04 17:16:01 [notice] 27#27: exit
2025/07/04 17:16:01 [notice] 24#24: exiting
2025/07/04 17:16:01 [notice] 24#24: exit
2025/07/04 17:16:01 [notice] 1#1: signal 17 (SIGCHLD) received from 31
2025/07/04 17:16:01 [notice] 1#1: worker process 25 exited with code 0
2025/07/04 17:16:01 [notice] 1#1: worker process 27 exited with code 0
2025/07/04 17:16:01 [notice] 1#1: worker process 29 exited with code 0
2025/07/04 17:16:01 [notice] 1#1: worker process 30 exited with code 0
2025/07/04 17:16:01 [notice] 1#1: worker process 31 exited with code 0
2025/07/04 17:16:01 [notice] 1#1: signal 29 (SIGIO) received
2025/07/04 17:16:01 [notice] 1#1: signal 17 (SIGCHLD) received from 30
2025/07/04 17:16:01 [notice] 1#1: worker process 20 exited with code 0
2025/07/04 17:16:01 [notice] 1#1: worker process 21 exited with code 0
2025/07/04 17:16:01 [notice] 1#1: worker process 23 exited with code 0
2025/07/04 17:16:01 [notice] 1#1: worker process 26 exited with code 0
2025/07/04 17:16:01 [notice] 1#1: signal 29 (SIGIO) received
2025/07/04 17:16:01 [notice] 1#1: signal 17 (SIGCHLD) received from 24
2025/07/04 17:16:01 [notice] 1#1: worker process 24 exited with code 0
2025/07/04 17:16:01 [notice] 1#1: worker process 28 exited with code 0
2025/07/04 17:16:01 [notice] 1#1: signal 17 (SIGCHLD) received from 28
2025/07/04 17:16:01 [notice] 1#1: worker process 22 exited with code 0
2025/07/04 17:16:01 [notice] 1#1: exit
